[2015-03-08 16:43:39]	Cannot open file 
[2015-03-08 16:43:39]	.//Data/KeyBlackList.pdat
[2015-03-08 16:44:30]	Cannot open file 
[2015-03-08 16:44:30]	.//Data/KeyBlackList.pdat
[2015-03-08 16:45:18]	Cannot open file 
[2015-03-08 16:45:18]	.//Data/KeyBlackList.pdat
[2015-03-08 16:50:17]	Cannot open file 
[2015-03-08 16:50:17]	.//Data/KeyBlackList.pdat
[2015-03-08 16:50:18]	Failed Open file userdict.utf8.txt
[2015-03-08 16:50:18]	Error read file
[2015-03-08 16:50:18]	userdict.utf8.txt
[2015-03-08 16:50:51]	Cannot open file 
[2015-03-08 16:50:51]	.//Data/KeyBlackList.pdat
[2015-03-08 16:50:51]	Failed Open file UserDict.pdat
[2015-03-08 16:50:51]	Error read file
[2015-03-08 16:50:51]	UserDict.pdat
[2015-03-08 16:56:50]	Cannot open file 
[2015-03-08 16:56:50]	.//Data/KeyBlackList.pdat
[2015-03-08 16:56:50]	Failed Open file UserDict.pdat
[2015-03-08 16:56:50]	Error read file
[2015-03-08 16:56:50]	UserDict.pdat
[2015-03-08 17:03:15]	Cannot open file 
[2015-03-08 17:03:15]	.//Data/KeyBlackList.pdat
[2015-03-08 17:03:15]	Failed Open file UserDict.pdat
[2015-03-08 17:03:15]	Error read file
[2015-03-08 17:03:15]	UserDict.pdat
[2015-03-08 17:06:16]	Cannot open file 
[2015-03-08 17:06:16]	.//Data/KeyBlackList.pdat
[2015-03-08 17:06:16]	Failed Open file UserDict.pdat
[2015-03-08 17:06:16]	Error read file
[2015-03-08 17:06:16]	UserDict.pdat
[2015-03-08 17:06:44]	Cannot open file 
[2015-03-08 17:06:44]	.//Data/KeyBlackList.pdat
[2015-03-08 17:06:44]	Failed Open file UserDict.pdat
[2015-03-08 17:06:44]	Error read file
[2015-03-08 17:06:44]	UserDict.pdat
[2015-03-08 17:06:50]	Cannot open file 
[2015-03-08 17:06:50]	.//Data/KeyBlackList.pdat
[2015-03-08 17:06:50]	Failed Open file UserDict.pdat
[2015-03-08 17:06:50]	Error read file
[2015-03-08 17:06:50]	UserDict.pdat
[2015-03-08 17:07:05]	Cannot open file 
[2015-03-08 17:07:05]	.//Data/KeyBlackList.pdat
[2015-03-08 17:07:05]	Failed Open file UserDict.pdat
[2015-03-08 17:07:05]	Error read file
[2015-03-08 17:07:05]	UserDict.pdat
[2015-03-08 17:07:11]	Cannot open file 
[2015-03-08 17:07:11]	.//Data/KeyBlackList.pdat
[2015-03-08 17:07:11]	Failed Open file UserDict.pdat
[2015-03-08 17:07:11]	Error read file
[2015-03-08 17:07:11]	UserDict.pdat
[2015-03-08 17:13:40]	Cannot open file 
[2015-03-08 17:13:40]	.//Data/KeyBlackList.pdat
[2015-03-08 17:13:40]	Failed Open file UserDict.pdat
[2015-03-08 17:13:40]	Error read file
[2015-03-08 17:13:40]	UserDict.pdat
[2015-03-08 17:13:50]	Cannot open file 
[2015-03-08 17:13:50]	.//Data/KeyBlackList.pdat
[2015-03-08 17:13:50]	Failed Open file UserDict.pdat
[2015-03-08 17:13:50]	Error read file
[2015-03-08 17:13:50]	UserDict.pdat
[2015-03-08 17:15:07]	Cannot open file 
[2015-03-08 17:15:07]	.//Data/KeyBlackList.pdat
[2015-03-08 17:15:07]	Failed Open file UserDict.pdat
[2015-03-08 17:15:07]	Error read file
[2015-03-08 17:15:07]	UserDict.pdat
[2015-03-08 17:15:15]	Cannot open file 
[2015-03-08 17:15:15]	.//Data/KeyBlackList.pdat
[2015-03-08 17:15:15]	Failed Open file UserDict.pdat
[2015-03-08 17:15:15]	Error read file
[2015-03-08 17:15:15]	UserDict.pdat
[2015-03-08 17:15:34]	Cannot open file 
[2015-03-08 17:15:34]	.//Data/KeyBlackList.pdat
[2015-03-08 17:15:34]	Failed Open file UserDict.pdat
[2015-03-08 17:15:34]	Error read file
[2015-03-08 17:15:34]	UserDict.pdat
[2015-03-08 17:16:34]	Cannot open file 
[2015-03-08 17:16:34]	.//Data/KeyBlackList.pdat
[2015-03-08 17:16:34]	Failed Open file UserDict.pdat
[2015-03-08 17:16:34]	Error read file
[2015-03-08 17:16:34]	UserDict.pdat
[2015-03-08 17:17:06]	Cannot open file 
[2015-03-08 17:17:06]	.//Data/KeyBlackList.pdat
[2015-03-08 17:17:06]	Failed Open file UserDict.pdat
[2015-03-08 17:17:06]	Error read file
[2015-03-08 17:17:06]	UserDict.pdat
[2015-03-08 17:17:12]	Cannot open file 
[2015-03-08 17:17:12]	.//Data/KeyBlackList.pdat
[2015-03-08 17:17:12]	Failed Open file UserDict.pdat
[2015-03-08 17:17:12]	Error read file
[2015-03-08 17:17:12]	UserDict.pdat
[2015-03-08 17:18:17]	Cannot open file 
[2015-03-08 17:18:17]	.//Data/KeyBlackList.pdat
[2015-03-08 17:18:17]	Failed Open file UserDict.pdat
[2015-03-08 17:18:17]	Error read file
[2015-03-08 17:18:17]	UserDict.pdat
[2015-03-08 17:19:03]	Cannot open file 
[2015-03-08 17:19:03]	.//Data/KeyBlackList.pdat
[2015-03-08 17:19:03]	Failed Open file UserDict.pdat
[2015-03-08 17:19:03]	Error read file
[2015-03-08 17:19:03]	UserDict.pdat
[2015-03-08 17:19:24]	Cannot open file 
[2015-03-08 17:19:24]	.//Data/KeyBlackList.pdat
[2015-03-08 17:19:24]	Failed Open file UserDict.pdat
[2015-03-08 17:19:24]	Error read file
[2015-03-08 17:19:24]	UserDict.pdat
[2015-03-08 17:19:44]	Cannot open file 
[2015-03-08 17:19:44]	.//Data/KeyBlackList.pdat
[2015-03-08 17:19:44]	Failed Open file UserDict.pdat
[2015-03-08 17:19:44]	Error read file
[2015-03-08 17:19:44]	UserDict.pdat
[2015-03-08 17:19:56]	Cannot open file 
[2015-03-08 17:19:56]	.//Data/KeyBlackList.pdat
[2015-03-08 17:19:56]	Failed Open file UserDict.pdat
[2015-03-08 17:19:56]	Error read file
[2015-03-08 17:19:56]	UserDict.pdat
[2015-03-08 17:20:56]	Cannot open file 
[2015-03-08 17:20:56]	.//Data/KeyBlackList.pdat
[2015-03-08 17:20:56]	Failed Open file UserDict.pdat
[2015-03-08 17:20:56]	Error read file
[2015-03-08 17:20:56]	UserDict.pdat
[2015-03-08 17:21:40]	Cannot open file 
[2015-03-08 17:21:40]	.//Data/KeyBlackList.pdat
[2015-03-08 17:21:40]	Failed Open file UserDict.pdat
[2015-03-08 17:21:40]	Error read file
[2015-03-08 17:21:40]	UserDict.pdat
[2015-03-08 17:22:21]	Cannot open file 
[2015-03-08 17:22:21]	.//Data/KeyBlackList.pdat
[2015-03-08 17:22:21]	Failed Open file UserDict.pdat
[2015-03-08 17:22:21]	Error read file
[2015-03-08 17:22:21]	UserDict.pdat
[2015-03-08 17:22:33]	Cannot open file 
[2015-03-08 17:22:33]	.//Data/KeyBlackList.pdat
[2015-03-08 17:22:33]	Failed Open file UserDict.pdat
[2015-03-08 17:22:33]	Error read file
[2015-03-08 17:22:33]	UserDict.pdat
[2015-03-08 17:22:44]	Cannot open file 
[2015-03-08 17:22:44]	.//Data/KeyBlackList.pdat
[2015-03-08 17:22:44]	Failed Open file UserDict.pdat
[2015-03-08 17:22:44]	Error read file
[2015-03-08 17:22:44]	UserDict.pdat
[2015-03-08 17:23:01]	Cannot open file 
[2015-03-08 17:23:01]	.//Data/KeyBlackList.pdat
[2015-03-08 17:23:01]	Failed Open file UserDict.pdat
[2015-03-08 17:23:01]	Error read file
[2015-03-08 17:23:01]	UserDict.pdat
[2015-03-08 17:36:55]	Cannot open file 
[2015-03-08 17:36:55]	.//Data/KeyBlackList.pdat
[2015-03-08 17:43:08]	Cannot open file 
[2015-03-08 17:43:08]	.//Data/KeyBlackList.pdat
[2015-03-08 17:46:23]	Cannot open file 
[2015-03-08 17:46:23]	.//Data/KeyBlackList.pdat
[2015-03-08 17:46:53]	Cannot open file 
[2015-03-08 17:46:53]	.//Data/KeyBlackList.pdat
[2015-03-08 17:47:22]	Cannot open file 
[2015-03-08 17:47:22]	.//Data/KeyBlackList.pdat
[2015-03-08 18:12:09]	Cannot open file 
[2015-03-08 18:12:09]	.//Data/KeyBlackList.pdat
